This is pdfTeX, Version 3.14159265-2.6-1.40.18 (TeX Live 2017) (preloaded format=pdflatex 2017.5.23)  28 AUG 2017 17:07
entering extended mode
 restricted \write18 enabled.
 file:line:error style messages enabled.
 %&-line parsing enabled.
**main.tex
(./main.tex
LaTeX2e <2017-04-15>
Babel <3.10> and hyphenation patterns for 84 language(s) loaded.
(/usr/local/texlive/2017/texmf-dist/tex/latex/elsarticle/elsarticle.cls
Document Class: elsarticle 2009/09/17, 1.2.0: Elsevier Ltd
\@bls=\dimen102
(/usr/local/texlive/2017/texmf-dist/tex/latex/base/article.cls
Document Class: article 2014/09/29 v1.4h Standard LaTeX document class
(/usr/local/texlive/2017/texmf-dist/tex/latex/base/size12.clo
File: size12.clo 2014/09/29 v1.4h Standard LaTeX file (size option)
)
\c@part=\count79
\c@section=\count80
\c@subsection=\count81
\c@subsubsection=\count82
\c@paragraph=\count83
\c@subparagraph=\count84
\c@figure=\count85
\c@table=\count86
\abovecaptionskip=\skip41
\belowcaptionskip=\skip42
\bibindent=\dimen103
) (/usr/local/texlive/2017/texmf-dist/tex/latex/graphics/graphicx.sty
Package: graphicx 2014/10/28 v1.0g Enhanced LaTeX Graphics (DPC,SPQR)
 (/usr/local/texlive/2017/texmf-dist/tex/latex/graphics/keyval.sty
Package: keyval 2014/10/28 v1.15 key=value parser (DPC)
\KV@toks@=\toks14
) (/usr/local/texlive/2017/texmf-dist/tex/latex/graphics/graphics.sty
Package: graphics 2017/04/14 v1.1b Standard LaTeX Graphics (DPC,SPQR)
 (/usr/local/texlive/2017/texmf-dist/tex/latex/graphics/trig.sty
Package: trig 2016/01/03 v1.10 sin cos tan (DPC)
) (/usr/local/texlive/2017/texmf-dist/tex/latex/graphics-cfg/graphics.cfg
File: graphics.cfg 2016/06/04 v1.11 sample graphics configuration
)
Package graphics Info: Driver file: pdftex.def on input line 99.
 (/usr/local/texlive/2017/texmf-dist/tex/latex/graphics-def/pdftex.def
File: pdftex.def 2017/01/12 v0.06k Graphics/color for pdfTeX
 (/usr/local/texlive/2017/texmf-dist/tex/generic/oberdiek/infwarerr.sty
Package: infwarerr 2016/05/16 v1.4 Providing info/warning/error messages (HO)
) (/usr/local/texlive/2017/texmf-dist/tex/generic/oberdiek/ltxcmds.sty
Package: ltxcmds 2016/05/16 v1.23 LaTeX kernel commands for general use (HO)
)
\Gread@gobject=\count87
))
\Gin@req@height=\dimen104
\Gin@req@width=\dimen105
) (/usr/local/texlive/2017/texmf-dist/tex/latex/psnfss/pifont.sty
Package: pifont 2005/04/12 PSNFSS-v9.2a Pi font support (SPQR) 
LaTeX Font Info:    Try loading font information for U+pzd on input line 63.
 (/usr/local/texlive/2017/texmf-dist/tex/latex/psnfss/upzd.fd
File: upzd.fd 2001/06/04 font definitions for U/pzd.
)
LaTeX Font Info:    Try loading font information for U+psy on input line 64.
 (/usr/local/texlive/2017/texmf-dist/tex/latex/psnfss/upsy.fd
File: upsy.fd 2001/06/04 font definitions for U/psy.
))
\c@tnote=\count88
\c@fnote=\count89
\c@cnote=\count90
\c@ead=\count91
\c@author=\count92
\@eadauthor=\toks15
\c@affn=\count93
\absbox=\box26
\keybox=\box27
\Columnwidth=\dimen106
\space@left=\dimen107
\els@boxa=\box28
\els@boxb=\box29
\leftMargin=\dimen108
\@enLab=\toks16
\@sep=\skip43
\@@sep=\skip44
 (/Users/gomezhyuuga/Development/stevens/paper/.texpadtmp/main.spl) (/usr/local/texlive/2017/texmf-dist/tex/latex/natbib/natbib.sty
Package: natbib 2010/09/13 8.31b (PWD, AO)
\bibhang=\skip45
\bibsep=\skip46
LaTeX Info: Redefining \cite on input line 694.
\c@NAT@ctr=\count94
)
\splwrite=\write3
\openout3 = `main.spl'.

 (/usr/local/texlive/2017/texmf-dist/tex/latex/geometry/geometry.sty
Package: geometry 2010/09/12 v5.6 Page Geometry
 (/usr/local/texlive/2017/texmf-dist/tex/generic/oberdiek/ifpdf.sty
Package: ifpdf 2017/03/15 v3.2 Provides the ifpdf switch
) (/usr/local/texlive/2017/texmf-dist/tex/generic/oberdiek/ifvtex.sty
Package: ifvtex 2016/05/16 v1.6 Detect VTeX and its facilities (HO)
Package ifvtex Info: VTeX not detected.
) (/usr/local/texlive/2017/texmf-dist/tex/generic/ifxetex/ifxetex.sty
Package: ifxetex 2010/09/12 v0.6 Provides ifxetex conditional
)
\Gm@cnth=\count95
\Gm@cntv=\count96
\c@Gm@tempcnt=\count97
\Gm@bindingoffset=\dimen109
\Gm@wd@mp=\dimen110
\Gm@odd@mp=\dimen111
\Gm@even@mp=\dimen112
\Gm@layoutwidth=\dimen113
\Gm@layoutheight=\dimen114
\Gm@layouthoffset=\dimen115
\Gm@layoutvoffset=\dimen116
\Gm@dimlist=\toks17
)) (/usr/local/texlive/2017/texmf-dist/tex/latex/amsfonts/amssymb.sty
Package: amssymb 2013/01/14 v3.01 AMS font symbols
 (/usr/local/texlive/2017/texmf-dist/tex/latex/amsfonts/amsfonts.sty
Package: amsfonts 2013/01/14 v3.01 Basic AMSFonts support
\@emptytoks=\toks18
\symAMSa=\mathgroup4
\symAMSb=\mathgroup5
LaTeX Font Info:    Overwriting math alphabet `\mathfrak' in version `bold'
(Font)                  U/euf/m/n --> U/euf/b/n on input line 106.
)) (/usr/local/texlive/2017/texmf-dist/tex/latex/float/float.sty
Package: float 2001/11/08 v1.3d Float enhancements (AL)
\c@float@type=\count98
\float@exts=\toks19
\float@box=\box30
\@float@everytoks=\toks20
\@floatcapt=\box31
) (/usr/local/texlive/2017/texmf-dist/tex/latex/caption/subcaption.sty
Package: subcaption 2016/05/22 v1.1-161 Sub-captions (AR)
 (/usr/local/texlive/2017/texmf-dist/tex/latex/caption/caption.sty
Package: caption 2016/02/21 v3.3-144 Customizing captions (AR)
 (/usr/local/texlive/2017/texmf-dist/tex/latex/caption/caption3.sty
Package: caption3 2016/05/22 v1.7-166 caption3 kernel (AR)
Package caption3 Info: TeX engine: e-TeX on input line 67.
\captionmargin=\dimen117
\captionmargin@=\dimen118
\captionwidth=\dimen119
\caption@tempdima=\dimen120
\caption@indent=\dimen121
\caption@parindent=\dimen122
\caption@hangindent=\dimen123
)
\c@ContinuedFloat=\count99
Package caption Info: float package is loaded.
)
\c@subfigure=\count100
\c@subtable=\count101
) (/usr/local/texlive/2017/texmf-dist/tex/latex/listings/listings.sty
\lst@mode=\count102
\lst@gtempboxa=\box32
\lst@token=\toks21
\lst@length=\count103
\lst@currlwidth=\dimen124
\lst@column=\count104
\lst@pos=\count105
\lst@lostspace=\dimen125
\lst@width=\dimen126
\lst@newlines=\count106
\lst@lineno=\count107
\lst@maxwidth=\dimen127
 (/usr/local/texlive/2017/texmf-dist/tex/latex/listings/lstmisc.sty
File: lstmisc.sty 2015/06/04 1.6 (Carsten Heinz)
\c@lstnumber=\count108
\lst@skipnumbers=\count109
\lst@framebox=\box33
) (/usr/local/texlive/2017/texmf-dist/tex/latex/listings/listings.cfg
File: listings.cfg 2015/06/04 1.6 listings configuration
))
Package: listings 2015/06/04 1.6 (Carsten Heinz)
 (/usr/local/texlive/2017/texmf-dist/tex/latex/hyperref/hyperref.sty
Package: hyperref 2017/03/14 v6.85a Hypertext links for LaTeX
 (/usr/local/texlive/2017/texmf-dist/tex/generic/oberdiek/hobsub-hyperref.sty
Package: hobsub-hyperref 2016/05/16 v1.14 Bundle oberdiek, subset hyperref (HO)
 (/usr/local/texlive/2017/texmf-dist/tex/generic/oberdiek/hobsub-generic.sty
Package: hobsub-generic 2016/05/16 v1.14 Bundle oberdiek, subset generic (HO)
Package: hobsub 2016/05/16 v1.14 Construct package bundles (HO)
Package hobsub Info: Skipping package `infwarerr' (already loaded).
Package hobsub Info: Skipping package `ltxcmds' (already loaded).
Package: ifluatex 2016/05/16 v1.4 Provides the ifluatex switch (HO)
Package ifluatex Info: LuaTeX not detected.
Package hobsub Info: Skipping package `ifvtex' (already loaded).
Package: intcalc 2016/05/16 v1.2 Expandable calculations with integers (HO)
Package hobsub Info: Skipping package `ifpdf' (already loaded).
Package: etexcmds 2016/05/16 v1.6 Avoid name clashes with e-TeX commands (HO)
Package etexcmds Info: Could not find \expanded.
(etexcmds)             That can mean that you are not using pdfTeX 1.50 or
(etexcmds)             that some package has redefined \expanded.
(etexcmds)             In the latter case, load this package earlier.
Package: kvsetkeys 2016/05/16 v1.17 Key value parser (HO)
Package: kvdefinekeys 2016/05/16 v1.4 Define keys (HO)
Package: pdftexcmds 2017/03/19 v0.25 Utility functions of pdfTeX for LuaTeX (HO)
Package pdftexcmds Info: LuaTeX not detected.
Package pdftexcmds Info: \pdf@primitive is available.
Package pdftexcmds Info: \pdf@ifprimitive is available.
Package pdftexcmds Info: \pdfdraftmode found.
Package: pdfescape 2016/05/16 v1.14 Implements pdfTeX's escape features (HO)
Package: bigintcalc 2016/05/16 v1.4 Expandable calculations on big integers (HO)
Package: bitset 2016/05/16 v1.2 Handle bit-vector datatype (HO)
Package: uniquecounter 2016/05/16 v1.3 Provide unlimited unique counter (HO)
)
Package hobsub Info: Skipping package `hobsub' (already loaded).
Package: letltxmacro 2016/05/16 v1.5 Let assignment for LaTeX macros (HO)
Package: hopatch 2016/05/16 v1.3 Wrapper for package hooks (HO)
Package: xcolor-patch 2016/05/16 xcolor patch
Package: atveryend 2016/05/16 v1.9 Hooks at the very end of document (HO)
Package atveryend Info: \enddocument detected (standard20110627).
Package: atbegshi 2016/06/09 v1.18 At begin shipout hook (HO)
Package: refcount 2016/05/16 v3.5 Data extraction from label references (HO)
Package: hycolor 2016/05/16 v1.8 Color options for hyperref/bookmark (HO)
) (/usr/local/texlive/2017/texmf-dist/tex/latex/oberdiek/auxhook.sty
Package: auxhook 2016/05/16 v1.4 Hooks for auxiliary files (HO)
) (/usr/local/texlive/2017/texmf-dist/tex/latex/oberdiek/kvoptions.sty
Package: kvoptions 2016/05/16 v3.12 Key value format for package options (HO)
)
\@linkdim=\dimen128
\Hy@linkcounter=\count110
\Hy@pagecounter=\count111
 (/usr/local/texlive/2017/texmf-dist/tex/latex/hyperref/pd1enc.def
File: pd1enc.def 2017/03/14 v6.85a Hyperref: PDFDocEncoding definition (HO)
)
\Hy@SavedSpaceFactor=\count112
 (/usr/local/texlive/2017/texmf-dist/tex/latex/latexconfig/hyperref.cfg
File: hyperref.cfg 2002/06/06 v1.2 hyperref configuration of TeXLive
)
Package hyperref Info: Hyper figures OFF on input line 4498.
Package hyperref Info: Link nesting OFF on input line 4503.
Package hyperref Info: Hyper index ON on input line 4506.
Package hyperref Info: Plain pages OFF on input line 4513.
Package hyperref Info: Backreferencing OFF on input line 4518.
Package hyperref Info: Implicit mode ON; LaTeX internals redefined.
Package hyperref Info: Bookmarks ON on input line 4751.
\c@Hy@tempcnt=\count113
 (/usr/local/texlive/2017/texmf-dist/tex/latex/url/url.sty
\Urlmuskip=\muskip10
Package: url 2013/09/16  ver 3.4  Verb mode for urls, etc.
)
LaTeX Info: Redefining \url on input line 5104.
\XeTeXLinkMargin=\dimen129
\Fld@menulength=\count114
\Field@Width=\dimen130
\Fld@charsize=\dimen131
Package hyperref Info: Hyper figures OFF on input line 6358.
Package hyperref Info: Link nesting OFF on input line 6363.
Package hyperref Info: Hyper index ON on input line 6366.
Package hyperref Info: backreferencing OFF on input line 6373.
Package hyperref Info: Link coloring OFF on input line 6378.
Package hyperref Info: Link coloring with OCG OFF on input line 6383.
Package hyperref Info: PDF/A mode OFF on input line 6388.
LaTeX Info: Redefining \ref on input line 6428.
LaTeX Info: Redefining \pageref on input line 6432.
\Hy@abspage=\count115
\c@Item=\count116
\c@Hfootnote=\count117
)

Package hyperref Message: Driver (autodetected): hpdftex.

(/usr/local/texlive/2017/texmf-dist/tex/latex/hyperref/hpdftex.def
File: hpdftex.def 2017/03/14 v6.85a Hyperref driver for pdfTeX
\Fld@listcount=\count118
\c@bookmark@seq@number=\count119
 (/usr/local/texlive/2017/texmf-dist/tex/latex/oberdiek/rerunfilecheck.sty
Package: rerunfilecheck 2016/05/16 v1.8 Rerun checks for auxiliary files (HO)
Package uniquecounter Info: New unique counter `rerunfilecheck' on input line 282.
)
\Hy@SectionHShift=\skip47
) (/Users/gomezhyuuga/Development/stevens/paper/.texpadtmp/main.aux

LaTeX Warning: Label `fig:ga_funnel' multiply defined.


LaTeX Warning: Label `sub@fig:ga_funnel' multiply defined.


LaTeX Warning: Label `fig:piwik_home' multiply defined.


LaTeX Warning: Label `sub@fig:piwik_home' multiply defined.


LaTeX Warning: Label `fig:piwik_home' multiply defined.


LaTeX Warning: Label `sub@fig:piwik_home' multiply defined.


LaTeX Warning: Label `fig:piwik_home' multiply defined.


LaTeX Warning: Label `sub@fig:piwik_home' multiply defined.

)
\openout1 = `main.aux'.

LaTeX Font Info:    Checking defaults for OML/cmm/m/it on input line 56.
LaTeX Font Info:    ... okay on input line 56.
LaTeX Font Info:    Checking defaults for T1/cmr/m/n on input line 56.
LaTeX Font Info:    ... okay on input line 56.
LaTeX Font Info:    Checking defaults for OT1/cmr/m/n on input line 56.
LaTeX Font Info:    ... okay on input line 56.
LaTeX Font Info:    Checking defaults for OMS/cmsy/m/n on input line 56.
LaTeX Font Info:    ... okay on input line 56.
LaTeX Font Info:    Checking defaults for OMX/cmex/m/n on input line 56.
LaTeX Font Info:    ... okay on input line 56.
LaTeX Font Info:    Checking defaults for U/cmr/m/n on input line 56.
LaTeX Font Info:    ... okay on input line 56.
LaTeX Font Info:    Checking defaults for PD1/pdf/m/n on input line 56.
LaTeX Font Info:    ... okay on input line 56.
 (/usr/local/texlive/2017/texmf-dist/tex/context/base/mkii/supp-pdf.mkii
[Loading MPS to PDF converter (version 2006.09.02).]
\scratchcounter=\count120
\scratchdimen=\dimen132
\scratchbox=\box34
\nofMPsegments=\count121
\nofMParguments=\count122
\everyMPshowfont=\toks22
\MPscratchCnt=\count123
\MPscratchDim=\dimen133
\MPnumerator=\count124
\makeMPintoPDFobject=\count125
\everyMPtoPDFconversion=\toks23
) (/usr/local/texlive/2017/texmf-dist/tex/latex/oberdiek/epstopdf-base.sty
Package: epstopdf-base 2016/05/15 v2.6 Base part for package epstopdf
 (/usr/local/texlive/2017/texmf-dist/tex/latex/oberdiek/grfext.sty
Package: grfext 2016/05/16 v1.2 Manage graphics extensions (HO)
)
Package epstopdf-base Info: Redefining graphics rule for `.eps' on input line 438.
Package grfext Info: Graphics extension search list:
(grfext)             [.png,.pdf,.jpg,.mps,.jpeg,.jbig2,.jb2,.PNG,.PDF,.JPG,.JPEG,.JBIG2,.JB2,.eps]
(grfext)             \AppendGraphicsExtensions on input line 456.
 (/usr/local/texlive/2017/texmf-dist/tex/latex/latexconfig/epstopdf-sys.cfg
File: epstopdf-sys.cfg 2010/07/13 v1.3 Configuration of (r)epstopdf for TeX Live
))
*geometry* driver: auto-detecting
*geometry* detected driver: pdftex
*geometry* verbose mode - [ preamble ] result:
* driver: pdftex
* paper: custom
* layout: <same size as paper>
* layoutoffset:(h,v)=(0.0pt,0.0pt)
* hratio: 1:1
* vratio: 1:1
* modes: 
* h-part:(L,W,R)=(64.75394pt, 468.0pt, 64.75394pt)
* v-part:(T,H,B)=(111.52342pt, 622.0pt, 111.52342pt)
* \paperwidth=597.50787pt
* \paperheight=845.04684pt
* \textwidth=468.0pt
* \textheight=622.0pt
* \oddsidemargin=-7.51605pt
* \evensidemargin=-7.51605pt
* \topmargin=-22.74657pt
* \headheight=50.0pt
* \headsep=12.0pt
* \topskip=12.0pt
* \footskip=18.0pt
* \marginparwidth=44.0pt
* \marginparsep=10.0pt
* \columnsep=24.0pt
* \skip\footins=24.0pt plus 2.0pt minus 12.0pt
* \hoffset=0.0pt
* \voffset=0.0pt
* \mag=1000
* \@twocolumnfalse
* \@twosidefalse
* \@mparswitchfalse
* \@reversemarginfalse
* (1in=72.27pt=25.4mm, 1cm=28.453pt)

Package caption Info: Begin \AtBeginDocument code.
Package caption Info: hyperref package is loaded.
Package caption Info: listings package is loaded.
Package caption Info: End \AtBeginDocument code.
\c@lstlisting=\count126
\AtBeginShipoutBox=\box35
Package hyperref Info: Link coloring OFF on input line 56.
(/usr/local/texlive/2017/texmf-dist/tex/latex/hyperref/nameref.sty
Package: nameref 2016/05/21 v2.44 Cross-referencing by name of section
 (/usr/local/texlive/2017/texmf-dist/tex/generic/oberdiek/gettitlestring.sty
Package: gettitlestring 2016/05/16 v1.5 Cleanup title references (HO)
)
\c@section@level=\count127
)
LaTeX Info: Redefining \ref on input line 56.
LaTeX Info: Redefining \pageref on input line 56.
LaTeX Info: Redefining \nameref on input line 56.
 (/Users/gomezhyuuga/Development/stevens/paper/.texpadtmp/main.out) (/Users/gomezhyuuga/Development/stevens/paper/.texpadtmp/main.out)
\@outlinefile=\write4
\openout4 = `main.out'.

LaTeX Font Info:    Try loading font information for U+msa on input line 89.
 (/usr/local/texlive/2017/texmf-dist/tex/latex/amsfonts/umsa.fd
File: umsa.fd 2013/01/14 v3.01 AMS symbols A
)
LaTeX Font Info:    Try loading font information for U+msb on input line 89.
 (/usr/local/texlive/2017/texmf-dist/tex/latex/amsfonts/umsb.fd
File: umsb.fd 2013/01/14 v3.01 AMS symbols B
) [1

{/usr/local/texlive/2017/texmf-var/fonts/map/pdftex/updmap/pdftex.map}] [2]
LaTeX Font Info:    Try loading font information for OMS+cmr on input line 136.
 (/usr/local/texlive/2017/texmf-dist/tex/latex/base/omscmr.fd
File: omscmr.fd 2014/09/29 v2.5h Standard LaTeX font definitions
)
LaTeX Font Info:    Font shape `OMS/cmr/m/n' in size <12> not available
(Font)              Font shape `OMS/cmsy/m/n' tried instead on input line 136.
 [3] <screenshots/analytics_home.png, id=126, 1074.0125pt x 577.15625pt>
File: screenshots/analytics_home.png Graphic file (type png)
 <use screenshots/analytics_home.png>
Package pdftex.def Info: screenshots/analytics_home.png used on input line 152.
(pdftex.def)             Requested size: 234.0pt x 125.74182pt.
 <screenshots/analytics_funnel.png, id=128, 1074.0125pt x 577.15625pt>
File: screenshots/analytics_funnel.png Graphic file (type png)
 <use screenshots/analytics_funnel.png>
Package pdftex.def Info: screenshots/analytics_funnel.png used on input line 155.
(pdftex.def)             Requested size: 234.0pt x 125.74182pt.
 <screenshots/piwik_home.png, id=129, 909.3975pt x 612.2875pt>
File: screenshots/piwik_home.png Graphic file (type png)
 <use screenshots/piwik_home.png>
Package pdftex.def Info: screenshots/piwik_home.png used on input line 158.
(pdftex.def)             Requested size: 234.0pt x 157.54666pt.
 <screenshots/piwik_engagement.png, id=130, 915.42pt x 613.29124pt>
File: screenshots/piwik_engagement.png Graphic file (type png)
 <use screenshots/piwik_engagement.png>
Package pdftex.def Info: screenshots/piwik_engagement.png used on input line 161.
(pdftex.def)             Requested size: 234.0pt x 156.76619pt.
 <screenshots/owa_dashboard.png, id=131, 863.225pt x 677.53125pt>
File: screenshots/owa_dashboard.png Graphic file (type png)
 <use screenshots/owa_dashboard.png>
Package pdftex.def Info: screenshots/owa_dashboard.png used on input line 164.
(pdftex.def)             Requested size: 234.0pt x 183.65956pt.
 <screenshots/owa_heatmap.jpg, id=132, 863.225pt x 677.53125pt>
File: screenshots/owa_heatmap.jpg Graphic file (type jpg)
 <use screenshots/owa_heatmap.jpg>
Package pdftex.def Info: screenshots/owa_heatmap.jpg used on input line 167.
(pdftex.def)             Requested size: 234.0pt x 183.65956pt.

Overfull \hbox (24.0pt too wide) in paragraph at lines 149--172
 [][] 
 []

<screenshots/analytics_goals_stats.png, id=135, 1074.0125pt x 577.15625pt>
File: screenshots/analytics_goals_stats.png Graphic file (type png)
 <use screenshots/analytics_goals_stats.png>
Package pdftex.def Info: screenshots/analytics_goals_stats.png used on input line 184.
(pdftex.def)             Requested size: 234.0pt x 125.74182pt.
 <screenshots/piwik_goal_info.png, id=136, 808.01875pt x 676.5275pt>
File: screenshots/piwik_goal_info.png Graphic file (type png)
 <use screenshots/piwik_goal_info.png>
Package pdftex.def Info: screenshots/piwik_goal_info.png used on input line 187.
(pdftex.def)             Requested size: 234.0pt x 195.91954pt.

Overfull \hbox (24.0pt too wide) in paragraph at lines 181--192
 [][] 
 []

[4 <./screenshots/analytics_goals_stats.png> <./screenshots/piwik_goal_info.png>] [5 <./screenshots/analytics_home.png> <./screenshots/analytics_funnel.png> <./screenshots/piwik_home.png> <./screenshots/piwik_engagement.png> <./screenshots/owa_dashboard.png> <./screenshots/owa_heatmap.jpg>] <screenshots/app_main.png, id=169, 1443.3925pt x 799.98875pt>
File: screenshots/app_main.png Graphic file (type png)
 <use screenshots/app_main.png>
Package pdftex.def Info: screenshots/app_main.png used on input line 216.
(pdftex.def)             Requested size: 468.0pt x 259.38292pt.


LaTeX Warning: `h' float specifier changed to `ht'.

[6] [7 <./screenshots/app_main.png>] <screenshots/ga_clickpath.png, id=204, 833.1125pt x 667.49374pt>
File: screenshots/ga_clickpath.png Graphic file (type png)
 <use screenshots/ga_clickpath.png>
Package pdftex.def Info: screenshots/ga_clickpath.png used on input line 264.
(pdftex.def)             Requested size: 234.0pt x 187.47752pt.
 <screenshots/piwik_clickpath.png, id=205, 484.81125pt x 550.055pt>
File: screenshots/piwik_clickpath.png Graphic file (type png)
 <use screenshots/piwik_clickpath.png>
Package pdftex.def Info: screenshots/piwik_clickpath.png used on input line 267.
(pdftex.def)             Requested size: 234.0pt x 265.4922pt.

Overfull \hbox (24.0pt too wide) in paragraph at lines 261--272
 [][] 
 []

[8] <screenshots/clickpath_human.png, id=213, 450.68375pt x 315.1775pt>
File: screenshots/clickpath_human.png Graphic file (type png)
 <use screenshots/clickpath_human.png>
Package pdftex.def Info: screenshots/clickpath_human.png used on input line 278.
(pdftex.def)             Requested size: 210.59857pt x 147.2774pt.
 <screenshots/clickpath_bots.png, id=214, 457.71pt x 434.62375pt>
File: screenshots/clickpath_bots.png Graphic file (type png)
 <use screenshots/clickpath_bots.png>
Package pdftex.def Info: screenshots/clickpath_bots.png used on input line 279.
(pdftex.def)             Requested size: 210.59857pt x 199.97577pt.
 <screenshots/clickpath_human_2.png, id=215, 456.70625pt x 294.09875pt>
File: screenshots/clickpath_human_2.png Graphic file (type png)
 <use screenshots/clickpath_human_2.png>
Package pdftex.def Info: screenshots/clickpath_human_2.png used on input line 281.
(pdftex.def)             Requested size: 210.59857pt x 135.61465pt.
 <screenshots/clickpath_bots_2.png, id=216, 472.76625pt x 407.5225pt>
File: screenshots/clickpath_bots_2.png Graphic file (type png)
 <use screenshots/clickpath_bots_2.png>
Package pdftex.def Info: screenshots/clickpath_bots_2.png used on input line 282.
(pdftex.def)             Requested size: 210.59857pt x 181.53659pt.
 <screenshots/clickpath_human_3.png, id=217, 455.7025pt x 320.19624pt>
File: screenshots/clickpath_human_3.png Graphic file (type png)
 <use screenshots/clickpath_human_3.png>
Package pdftex.def Info: screenshots/clickpath_human_3.png used on input line 284.
(pdftex.def)             Requested size: 210.59857pt x 147.97606pt.
 <screenshots/clickpath_bots_3.png, id=218, 461.725pt x 388.45125pt>
File: screenshots/clickpath_bots_3.png Graphic file (type png)
 <use screenshots/clickpath_bots_3.png>
Package pdftex.def Info: screenshots/clickpath_bots_3.png used on input line 285.
(pdftex.def)             Requested size: 210.59857pt x 177.17827pt.
 [9 <./screenshots/ga_clickpath.png> <./screenshots/piwik_clickpath.png>] [10 <./screenshots/clickpath_human.png> <./screenshots/clickpath_bots.png> <./screenshots/clickpath_human_2.png> <./screenshots/clickpath_bots_2.png> <./screenshots/clickpath_human_3.png> <./screenshots/clickpath_bots_3.png>] [11]
LaTeX Font Info:    Try loading font information for OML+cmr on input line 344.
 (/usr/local/texlive/2017/texmf-dist/tex/latex/base/omlcmr.fd
File: omlcmr.fd 2014/09/29 v2.5h Standard LaTeX font definitions
)
LaTeX Font Info:    Font shape `OML/cmr/m/n' in size <12> not available
(Font)              Font shape `OML/cmm/m/it' tried instead on input line 344.

Overfull \hbox (18.44916pt too wide) in paragraph at lines 344--345
[][][][][][][][][][][][][][][][][][][][][][][][][] 
 []

<screenshots/decision_tree.png, id=248, 1015.795pt x 600.2425pt>
File: screenshots/decision_tree.png Graphic file (type png)
 <use screenshots/decision_tree.png>
Package pdftex.def Info: screenshots/decision_tree.png used on input line 349.
(pdftex.def)             Requested size: 468.0pt x 276.54536pt.
 [12 <./screenshots/decision_tree.png>] <screenshots/concentric_case_1.png, id=266, 572.1375pt x 560.0925pt>
File: screenshots/concentric_case_1.png Graphic file (type png)
 <use screenshots/concentric_case_1.png>
Package pdftex.def Info: screenshots/concentric_case_1.png used on input line 383.
(pdftex.def)             Requested size: 140.40143pt x 137.44179pt.
 <screenshots/concentric_case_2.png, id=267, 582.175pt x 572.1375pt>
File: screenshots/concentric_case_2.png Graphic file (type png)
 <use screenshots/concentric_case_2.png>
Package pdftex.def Info: screenshots/concentric_case_2.png used on input line 386.
(pdftex.def)             Requested size: 140.40143pt x 137.97928pt.

Underfull \hbox (badness 2359) in paragraph at lines 386--386
[]\OT1/cmr/m/n/10.95 (b) |Case 2: green nodes
 []

<screenshots/concentric_case_3.png, id=268, 582.175pt x 572.1375pt>
File: screenshots/concentric_case_3.png Graphic file (type png)
 <use screenshots/concentric_case_3.png>
Package pdftex.def Info: screenshots/concentric_case_3.png used on input line 389.
(pdftex.def)             Requested size: 140.40143pt x 137.97928pt.
 [13] (/Users/gomezhyuuga/Development/stevens/paper/.texpadtmp/main.bbl
Overfull \hbox (212.25731pt too wide) in paragraph at lines 14--19
\OT1/cmr/m/n/10 URL []$\OT1/cmtt/m/n/10 http : / / www . comscore . com / esl / Insights / Blog / Battling-[]Bots-[]comScores-[]Ongoing-[]Efforts-[]to-[]Detect-[]and-[]Remove-[]Non-[]Human-[]Traffic$[] 
 []

[14 <./screenshots/concentric_case_1.png> <./screenshots/concentric_case_2.png> <./screenshots/concentric_case_3.png>])
Package atveryend Info: Empty hook `BeforeClearDocument' on input line 433.
 [15]
Package atveryend Info: Empty hook `AfterLastShipout' on input line 433.
 (/Users/gomezhyuuga/Development/stevens/paper/.texpadtmp/main.aux)
Package atveryend Info: Executing hook `AtVeryEndDocument' on input line 433.
Package atveryend Info: Executing hook `AtEndAfterFileList' on input line 433.
Package rerunfilecheck Info: File `main.out' has not changed.
(rerunfilecheck)             Checksum: <no file>.


LaTeX Warning: There were multiply-defined labels.

Package atveryend Info: Empty hook `AtVeryVeryEnd' on input line 433.
 ) 
Here is how much of TeX's memory you used:
 9015 strings out of 492995
 137386 string characters out of 6132704
 232785 words of memory out of 5000000
 12366 multiletter control sequences out of 15000+600000
 12959 words of font info for 50 fonts, out of 8000000 for 9000
 1141 hyphenation exceptions out of 8191
 42i,13n,46p,1178b,1091s stack positions out of 5000i,500n,10000p,200000b,80000s
</usr/local/texlive/2017/texmf-dist/fonts/type1/public/amsfonts/cm/cmbx12.pfb></usr/local/texlive/2017/texmf-dist/fonts/type1/public/amsfonts/cm/cmmi12.pfb></usr/local/texlive/2017/texmf-dist/fonts/type1/public/amsfonts/cm/cmmi8.pfb></usr/local/texlive/2017/texmf-dist/fonts/type1/public/amsfonts/cm/cmr10.pfb></usr/local/texlive/2017/texmf-dist/fonts/type1/public/amsfonts/cm/cmr12.pfb></usr/local/texlive/2017/texmf-dist/fonts/type1/public/amsfonts/cm/cmr17.pfb></usr/local/texlive/2017/texmf-dist/fonts/type1/public/amsfonts/cm/cmr7.pfb></usr/local/texlive/2017/texmf-dist/fonts/type1/public/amsfonts/cm/cmr8.pfb></usr/local/texlive/2017/texmf-dist/fonts/type1/public/amsfonts/cm/cmsy10.pfb></usr/local/texlive/2017/texmf-dist/fonts/type1/public/amsfonts/cm/cmti10.pfb></usr/local/texlive/2017/texmf-dist/fonts/type1/public/amsfonts/cm/cmti12.pfb></usr/local/texlive/2017/texmf-dist/fonts/type1/public/amsfonts/cm/cmti7.pfb></usr/local/texlive/2017/texmf-dist/fonts/type1/public/amsfonts/cm/cmtt10.pfb></usr/local/texlive/2017/texmf-dist/fonts/type1/public/amsfonts/cm/cmtt12.pfb>
Output written on /Users/gomezhyuuga/Development/stevens/paper/.texpadtmp/main.pdf (15 pages, 1532417 bytes).
PDF statistics:
 385 PDF objects out of 1000 (max. 8388607)
 308 compressed objects within 4 object streams
 73 named destinations out of 1000 (max. 500000)
 250 words of extra memory for PDF output out of 10000 (max. 10000000)

